2025-03-16 11:56:31,062 - __main__ - INFO - Инициализация базы данных...
2025-03-16 11:56:31,066 - database.db_manager - INFO - База данных инициализирована успешно
2025-03-16 11:56:31,066 - __main__ - INFO - Запуск планировщика задач...
2025-03-16 11:56:31,066 - utils.scheduler - INFO - Планировщик задач запущен
2025-03-16 11:56:31,066 - __main__ - INFO - Запуск Telegram бота...
2025-03-16 12:00:10,253 - __main__ - INFO - Инициализация базы данных...
2025-03-16 12:00:10,257 - database.db_manager - INFO - База данных инициализирована успешно
2025-03-16 12:00:10,257 - __main__ - INFO - Запуск планировщика задач...
2025-03-16 12:00:10,257 - utils.scheduler - INFO - Планировщик задач запущен
2025-03-16 12:00:10,258 - __main__ - INFO - Запуск Telegram бота...
2025-03-16 12:00:10,259 - telegram_bot.bot - INFO - Бот настроен и готов к работе
2025-03-16 12:00:10,259 - apscheduler.scheduler - INFO - Scheduler started
2025-03-16 12:11:02,209 - __main__ - INFO - Инициализация базы данных...
2025-03-16 12:11:02,214 - database.db_manager - INFO - База данных инициализирована успешно
2025-03-16 12:11:02,214 - __main__ - INFO - Запуск планировщика задач...
2025-03-16 12:11:02,214 - utils.scheduler - INFO - Планировщик задач запущен
2025-03-16 12:11:02,214 - __main__ - INFO - Запуск Telegram бота...
2025-03-16 12:12:08,679 - __main__ - INFO - Инициализация базы данных...2025-08-10 22:45:38,346 - utils.task_queue - INFO - 🔧 Адаптация нагрузки: потоков 4 → 5 | Уровень: Повышенная активность бота
2025-08-10 22:48:02,522 - utils.system_monitor - INFO - 🖥️ 🟡 НАГРУЗКА СИСТЕМЫ: 40% (УМЕРЕННАЯ) - Стандартная активность бота | CPU: 33.8% | RAM: 85.3% | Temp: N/A
2025-08-10 22:48:14,187 - utils.task_queue - INFO - 🔧 Адаптация нагрузки: потоков 5 → 4 | Уровень: Стандартная активность бота
