2025-08-10 00:15:39,133 INFO user=3000000 --- FULL TEST START ---
2025-08-10 00:15:41,222 INFO user=3000000 🔥 Старт сессии прогрева (task #44873) для аккаунта ID=45130
2025-08-10 00:15:42,539 INFO user=3000000 🧠 Health Score @u1_warm_acc_1754772417: 15/100
2025-08-10 00:15:46,920 INFO user=3000000 🧠 Health Score @u1_warm_1754774139: 15/100
2025-08-10 00:15:47,341 ERROR user=3000000 ❌ Ошибка прогрева (task #44873): Не удалось войти в аккаунт 45130
2025-08-10 00:18:18,914 INFO user=3000000 --- EMU TEST START ---
2025-08-10 00:18:20,799 INFO user=3000000 🔥 Старт сессии прогрева (task #44875) для аккаунта ID=45134
2025-08-10 00:18:21,882 INFO user=3000000 🧠 Health Score @u1_warm_1754774139: 15/100
2025-08-10 00:18:21,882 INFO user=3000000 ✅ Вход выполнен, выполняем прогрев аккаунта ID=45134
2025-08-10 00:18:22,037 INFO user=3000000 🏁 Прогрев завершен (task #44875). Действия: view_feed=5, view_stories=3
2025-08-10 00:21:22,835 INFO user=3000000 --- EMU TEST START ---
2025-08-10 00:21:24,921 INFO user=3000000 🔥 Старт сессии прогрева (task #44877) для аккаунта ID=45137
2025-08-10 00:21:26,144 INFO user=3000000 🧠 Health Score @u1_warm_1754774298: 15/100
2025-08-10 00:21:26,145 INFO user=3000000 ✅ Вход выполнен, выполняем прогрев аккаунта ID=45137
2025-08-10 00:21:26,300 INFO user=3000000 🏁 Прогрев завершен (task #44877). Действия: view_feed=5, view_stories=3
2025-08-10 00:21:26,843 INFO user=3000000 🧠 Health Score @u1_warm_1754774482: 15/100
2025-08-10 00:21:26,939 INFO user=3000000 🔥 Старт сессии прогрева (task #44879) для аккаунта ID=45139
2025-08-10 00:21:28,047 INFO user=3000000 🧠 Health Score @u1_warm_1754774482: 15/100
2025-08-10 00:21:28,048 INFO user=3000000 ✅ Вход выполнен, выполняем прогрев аккаунта ID=45139
2025-08-10 00:21:28,192 INFO user=3000000 🏁 Прогрев завершен (task #44879). Действия: view_feed=5, view_stories=3
2025-08-10 00:29:43,276 INFO user=3000000 --- EMU TEST START ---
2025-08-10 00:29:45,252 INFO user=3000000 🔥 Старт сессии прогрева (task #44881) для аккаунта ID=45141
2025-08-10 00:29:46,737 INFO user=3000000 🧠 Health Score @u1_warm_1754774983: 15/100
2025-08-10 00:29:46,738 INFO user=3000000 ✅ Вход выполнен, выполняем прогрев аккаунта ID=45141
2025-08-10 00:29:46,935 INFO user=3000000 🏁 Прогрев завершен (task #44881). Действия: view_feed=5, view_stories=3
2025-08-10 00:29:47,775 INFO user=3000000 🧠 Health Score @u1_warm_1754774983: 15/100
2025-08-10 00:36:14,828 INFO user=3000000 --- EMU TEST START ---
2025-08-10 00:36:16,754 INFO user=3000000 🔥 Старт сессии прогрева (task #44883) для аккаунта ID=45143
2025-08-10 00:36:18,305 INFO user=3000000 🧠 Health Score @u1_warm_1754775374: 15/100
2025-08-10 00:36:18,305 INFO user=3000000 ✅ Вход выполнен, выполняем прогрев аккаунта ID=45143
2025-08-10 00:36:18,531 INFO user=3000000 🏁 Прогрев завершен (task #44883). Действия: view_feed=5, view_stories=3
2025-08-10 00:36:18,916 INFO user=3000000 🧠 Health Score @u1_warm_1754775374: 15/100
