2025-08-10 00:15:39,134 INFO user=3000001 --- FULL TEST START ---
2025-08-10 00:15:41,223 INFO user=3000001 🔥 Старт сессии прогрева (task #44874) для аккаунта ID=45132
2025-08-10 00:15:42,537 INFO user=3000001 🧠 Health Score @u2_warm_acc_1754772417: 15/100
2025-08-10 00:15:47,842 INFO user=3000001 🧠 Health Score @u2_warm_1754774139: 15/100
2025-08-10 00:15:49,561 ERROR user=3000001 ❌ Ошибка прогрева (task #44874): Не удалось войти в аккаунт 45132
2025-08-10 00:18:18,915 INFO user=3000001 --- EMU TEST START ---
2025-08-10 00:18:20,799 INFO user=3000001 🔥 Старт сессии прогрева (task #44876) для аккаунта ID=45136
2025-08-10 00:18:22,139 INFO user=3000001 🧠 Health Score @u2_warm_1754774139: 15/100
2025-08-10 00:18:22,139 INFO user=3000001 ✅ Вход выполнен, выполняем прогрев аккаунта ID=45136
2025-08-10 00:18:22,294 INFO user=3000001 🏁 Прогрев завершен (task #44876). Действия: view_feed=5, view_stories=3
2025-08-10 00:21:22,838 INFO user=3000001 --- EMU TEST START ---
2025-08-10 00:21:24,924 INFO user=3000001 🔥 Старт сессии прогрева (task #44878) для аккаунта ID=45138
2025-08-10 00:21:26,244 INFO user=3000001 🧠 Health Score @u2_warm_1754774298: 15/100
2025-08-10 00:21:26,244 INFO user=3000001 ✅ Вход выполнен, выполняем прогрев аккаунта ID=45138
2025-08-10 00:21:26,394 INFO user=3000001 🏁 Прогрев завершен (task #44878). Действия: view_feed=5, view_stories=3
2025-08-10 00:21:26,939 INFO user=3000001 🔥 Старт сессии прогрева (task #44880) для аккаунта ID=45140
2025-08-10 00:21:27,965 INFO user=3000001 🧠 Health Score @u2_warm_1754774482: 15/100
2025-08-10 00:21:28,047 INFO user=3000001 🧠 Health Score @u2_warm_1754774482: 15/100
2025-08-10 00:21:28,047 INFO user=3000001 ✅ Вход выполнен, выполняем прогрев аккаунта ID=45140
2025-08-10 00:21:28,192 INFO user=3000001 🏁 Прогрев завершен (task #44880). Действия: view_feed=5, view_stories=3
2025-08-10 00:29:43,278 INFO user=3000001 --- EMU TEST START ---
2025-08-10 00:29:45,252 INFO user=3000001 🔥 Старт сессии прогрева (task #44882) для аккаунта ID=45142
2025-08-10 00:29:46,883 INFO user=3000001 🧠 Health Score @u2_warm_1754774983: 15/100
2025-08-10 00:29:46,884 INFO user=3000001 ✅ Вход выполнен, выполняем прогрев аккаунта ID=45142
2025-08-10 00:29:47,074 INFO user=3000001 🏁 Прогрев завершен (task #44882). Действия: view_feed=5, view_stories=3
2025-08-10 00:29:49,090 INFO user=3000001 🧠 Health Score @u2_warm_1754774983: 15/100
2025-08-10 00:36:14,828 INFO user=3000001 --- EMU TEST START ---
2025-08-10 00:36:16,754 INFO user=3000001 🔥 Старт сессии прогрева (task #44884) для аккаунта ID=45144
2025-08-10 00:36:18,428 INFO user=3000001 🧠 Health Score @u2_warm_1754775374: 15/100
2025-08-10 00:36:18,428 INFO user=3000001 ✅ Вход выполнен, выполняем прогрев аккаунта ID=45144
2025-08-10 00:36:18,638 INFO user=3000001 🏁 Прогрев завершен (task #44884). Действия: view_feed=5, view_stories=3
2025-08-10 00:36:20,150 INFO user=3000001 🧠 Health Score @u2_warm_1754775374: 15/100
